<?xml version="1.0" encoding="UTF-8"?>
<testng-results ignored="0" total="1" passed="1" failed="0" skipped="0">
  <reporter-output>
  </reporter-output>
  <suite started-at="2023-11-08T07:36:18 IST" name="Suite" finished-at="2023-11-08T07:36:56 IST" duration-ms="37078">
    <groups>
    </groups>
    <test started-at="2023-11-08T07:36:18 IST" name="Test" finished-at="2023-11-08T07:36:56 IST" duration-ms="37078">
      <class name="TestCases.TC_01_LoginTest">
        <test-method is-config="true" signature="setUp()[pri:0, instance:TestCases.TC_01_LoginTest@1a6d8329]" started-at="2023-11-08T07:36:19 IST" name="setUp" finished-at="2023-11-08T07:36:29 IST" duration-ms="10119" status="PASS">
          <reporter-output>
          </reporter-output>
        </test-method> <!-- setUp -->
        <test-method signature="loginTest()[pri:0, instance:TestCases.TC_01_LoginTest@1a6d8329]" started-at="2023-11-08T07:36:29 IST" name="loginTest" finished-at="2023-11-08T07:36:54 IST" duration-ms="24706" status="PASS">
          <reporter-output>
          </reporter-output>
        </test-method> <!-- loginTest -->
        <test-method is-config="true" signature="tearUp()[pri:0, instance:TestCases.TC_01_LoginTest@1a6d8329]" started-at="2023-11-08T07:36:54 IST" name="tearUp" finished-at="2023-11-08T07:36:56 IST" duration-ms="1383" status="PASS">
          <reporter-output>
          </reporter-output>
        </test-method> <!-- tearUp -->
      </class> <!-- TestCases.TC_01_LoginTest -->
    </test> <!-- Test -->
  </suite> <!-- Suite -->
</testng-results>
